<?xml version="1.0" encoding="UTF-8"?>
<testng-results ignored="0" total="1" passed="1" failed="0" skipped="0">
  <reporter-output>
  </reporter-output>
  <suite started-at="2025-01-26T20:12:59 IST" name="Default suite" finished-at="2025-01-26T20:13:00 IST" duration-ms="1704">
    <groups>
    </groups>
    <test started-at="2025-01-26T20:12:59 IST" name="Default test" finished-at="2025-01-26T20:13:00 IST" duration-ms="1704">
      <class name="com.automate.AutomatedEmail">
        <test-method signature="EmailAutomate()[pri:0, instance:com.automate.AutomatedEmail@4a883b15]" started-at="2025-01-26T20:12:59 IST" name="EmailAutomate" finished-at="2025-01-26T20:13:00 IST" duration-ms="1651" status="PASS">
          <reporter-output>
          </reporter-output>
        </test-method> <!-- EmailAutomate -->
      </class> <!-- com.automate.AutomatedEmail -->
    </test> <!-- Default test -->
  </suite> <!-- Default suite -->
</testng-results>
